{"C:\\Users\\alexa\\OneDrive\\Документы\\GitHub\\Sea-battle\\backend\\database.js": {"path":"C:\\Users\\alexa\\OneDrive\\Документы\\GitHub\\Sea-battle\\backend\\database.js","all":false,"statementMap":{"0":{"start":{"line":1,"column":0},"end":{"line":1,"column":265}},"1":{"start":{"line":2,"column":0},"end":{"line":2,"column":124}},"2":{"start":{"line":3,"column":0},"end":{"line":3,"column":170}},"3":{"start":{"line":4,"column":0},"end":{"line":4,"column":133}},"4":{"start":{"line":5,"column":0},"end":{"line":5,"column":0}},"5":{"start":{"line":6,"column":0},"end":{"line":6,"column":50}},"6":{"start":{"line":7,"column":0},"end":{"line":7,"column":38}},"7":{"start":{"line":8,"column":0},"end":{"line":8,"column":41}},"8":{"start":{"line":9,"column":0},"end":{"line":9,"column":52}},"9":{"start":{"line":10,"column":0},"end":{"line":10,"column":23}},"10":{"start":{"line":11,"column":0},"end":{"line":11,"column":0}},"11":{"start":{"line":12,"column":0},"end":{"line":12,"column":31}},"12":{"start":{"line":13,"column":0},"end":{"line":13,"column":5}},"13":{"start":{"line":14,"column":0},"end":{"line":14,"column":30}},"14":{"start":{"line":15,"column":0},"end":{"line":15,"column":47}},"15":{"start":{"line":16,"column":0},"end":{"line":16,"column":3}},"16":{"start":{"line":17,"column":0},"end":{"line":17,"column":17}},"17":{"start":{"line":18,"column":0},"end":{"line":18,"column":57}},"18":{"start":{"line":19,"column":0},"end":{"line":19,"column":1}},"19":{"start":{"line":20,"column":0},"end":{"line":20,"column":0}},"20":{"start":{"line":21,"column":0},"end":{"line":21,"column":40}},"21":{"start":{"line":22,"column":0},"end":{"line":22,"column":7}},"22":{"start":{"line":23,"column":0},"end":{"line":23,"column":31}},"23":{"start":{"line":24,"column":0},"end":{"line":24,"column":16}},"24":{"start":{"line":25,"column":0},"end":{"line":25,"column":5}},"25":{"start":{"line":26,"column":0},"end":{"line":26,"column":50}},"26":{"start":{"line":27,"column":0},"end":{"line":27,"column":28}},"27":{"start":{"line":28,"column":0},"end":{"line":28,"column":19}},"28":{"start":{"line":29,"column":0},"end":{"line":29,"column":56}},"29":{"start":{"line":30,"column":0},"end":{"line":30,"column":14}},"30":{"start":{"line":31,"column":0},"end":{"line":31,"column":3}},"31":{"start":{"line":32,"column":0},"end":{"line":32,"column":1}},"32":{"start":{"line":33,"column":0},"end":{"line":33,"column":0}},"33":{"start":{"line":34,"column":0},"end":{"line":34,"column":46}},"34":{"start":{"line":35,"column":0},"end":{"line":35,"column":7}},"35":{"start":{"line":36,"column":0},"end":{"line":36,"column":43}},"36":{"start":{"line":37,"column":0},"end":{"line":37,"column":48}},"37":{"start":{"line":38,"column":0},"end":{"line":38,"column":4}},"38":{"start":{"line":39,"column":0},"end":{"line":39,"column":39}},"39":{"start":{"line":40,"column":0},"end":{"line":40,"column":57}},"40":{"start":{"line":41,"column":0},"end":{"line":41,"column":4}},"41":{"start":{"line":42,"column":0},"end":{"line":42,"column":79}},"42":{"start":{"line":43,"column":0},"end":{"line":43,"column":26}},"43":{"start":{"line":44,"column":0},"end":{"line":44,"column":19}},"44":{"start":{"line":45,"column":0},"end":{"line":45,"column":54}},"45":{"start":{"line":46,"column":0},"end":{"line":46,"column":16}},"46":{"start":{"line":47,"column":0},"end":{"line":47,"column":3}},"47":{"start":{"line":48,"column":0},"end":{"line":48,"column":1}}},"s":{"0":1,"1":1,"2":1,"3":1,"4":1,"5":1,"6":1,"7":1,"8":1,"9":1,"10":1,"11":1,"12":1,"13":1,"14":0,"15":0,"16":1,"17":0,"18":0,"19":1,"20":1,"21":64,"22":64,"23":9,"24":9,"25":55,"26":55,"27":64,"28":0,"29":0,"30":0,"31":64,"32":1,"33":1,"34":59,"35":59,"36":59,"37":59,"38":59,"39":59,"40":59,"41":59,"42":59,"43":59,"44":0,"45":0,"46":0,"47":59},"branchMap":{"0":{"type":"branch","line":14,"loc":{"start":{"line":14,"column":29},"end":{"line":16,"column":3}},"locations":[{"start":{"line":14,"column":29},"end":{"line":16,"column":3}}]},"1":{"type":"branch","line":17,"loc":{"start":{"line":17,"column":2},"end":{"line":19,"column":1}},"locations":[{"start":{"line":17,"column":2},"end":{"line":19,"column":1}}]},"2":{"type":"branch","line":21,"loc":{"start":{"line":21,"column":7},"end":{"line":32,"column":1}},"locations":[{"start":{"line":21,"column":7},"end":{"line":32,"column":1}}]},"3":{"type":"branch","line":23,"loc":{"start":{"line":23,"column":30},"end":{"line":25,"column":5}},"locations":[{"start":{"line":23,"column":30},"end":{"line":25,"column":5}}]},"4":{"type":"branch","line":26,"loc":{"start":{"line":26,"column":-2},"end":{"line":28,"column":4}},"locations":[{"start":{"line":26,"column":-2},"end":{"line":28,"column":4}}]},"5":{"type":"branch","line":28,"loc":{"start":{"line":28,"column":4},"end":{"line":31,"column":3}},"locations":[{"start":{"line":28,"column":4},"end":{"line":31,"column":3}}]},"6":{"type":"branch","line":34,"loc":{"start":{"line":34,"column":7},"end":{"line":48,"column":1}},"locations":[{"start":{"line":34,"column":7},"end":{"line":48,"column":1}}]},"7":{"type":"branch","line":44,"loc":{"start":{"line":44,"column":4},"end":{"line":47,"column":3}},"locations":[{"start":{"line":44,"column":4},"end":{"line":47,"column":3}}]}},"b":{"0":[0],"1":[0],"2":[64],"3":[9],"4":[55],"5":[0],"6":[59],"7":[0]},"fnMap":{"0":{"name":"getGameResults","decl":{"start":{"line":21,"column":7},"end":{"line":32,"column":1}},"loc":{"start":{"line":21,"column":7},"end":{"line":32,"column":1}},"line":21},"1":{"name":"saveGameResult","decl":{"start":{"line":34,"column":7},"end":{"line":48,"column":1}},"loc":{"start":{"line":34,"column":7},"end":{"line":48,"column":1}},"line":34}},"f":{"0":64,"1":59}}
}
